INFO 2025-07-15 14:04:38,705 autoreload Watching for file changes with StatReloader
INFO 2025-07-15 14:10:02,573 basehttp "GET /api/public/pengumuman/ HTTP/1.1" 200 240
INFO 2025-07-15 14:10:02,581 basehttp "GET /api/public/dashboard-stats/ HTTP/1.1" 200 316
INFO 2025-07-15 14:10:02,584 basehttp "GET /api/public/pengumuman/ HTTP/1.1" 200 240
INFO 2025-07-15 14:10:02,595 basehttp "GET /api/public/dashboard-stats/ HTTP/1.1" 200 316
WARNING 2025-07-15 14:13:22,412 log Unauthorized: /api/me/
WARNING 2025-07-15 14:13:22,412 log Unauthorized: /api/me/
WARNING 2025-07-15 14:13:22,415 basehttp "GET /api/me/ HTTP/1.1" 401 58
WARNING 2025-07-15 14:13:22,418 basehttp "GET /api/me/ HTTP/1.1" 401 58
INFO 2025-07-15 14:13:22,481 basehttp "GET /api/public/dashboard-stats/ HTTP/1.1" 200 316
INFO 2025-07-15 14:13:22,486 basehttp "GET /api/public/pengumuman/ HTTP/1.1" 200 240
INFO 2025-07-15 14:13:22,487 basehttp "GET /api/public/pengumuman/ HTTP/1.1" 200 240
INFO 2025-07-15 14:13:22,505 basehttp "GET /api/public/dashboard-stats/ HTTP/1.1" 200 316
INFO 2025-07-15 14:13:24,236 basehttp "GET /api/public/pengumuman/ HTTP/1.1" 200 240
INFO 2025-07-15 14:13:24,236 basehttp "GET /api/public/dashboard-stats/ HTTP/1.1" 200 316
INFO 2025-07-15 14:13:24,244 basehttp "GET /api/public/dashboard-stats/ HTTP/1.1" 200 316
INFO 2025-07-15 14:13:24,333 basehttp "GET /api/public/pengumuman/ HTTP/1.1" 200 240
WARNING 2025-07-15 14:13:33,008 log Unauthorized: /api/me/
WARNING 2025-07-15 14:13:33,009 basehttp "GET /api/me/ HTTP/1.1" 401 58
WARNING 2025-07-15 14:13:33,031 log Unauthorized: /api/me/
WARNING 2025-07-15 14:13:33,032 basehttp "GET /api/me/ HTTP/1.1" 401 58
INFO 2025-07-15 14:13:33,053 basehttp "GET /api/public/pengumuman/ HTTP/1.1" 200 240
INFO 2025-07-15 14:13:33,092 basehttp "GET /api/public/dashboard-stats/ HTTP/1.1" 200 316
INFO 2025-07-15 14:13:33,092 basehttp "GET /api/public/dashboard-stats/ HTTP/1.1" 200 316
INFO 2025-07-15 14:13:33,105 basehttp "GET /api/public/pengumuman/ HTTP/1.1" 200 240
INFO 2025-07-15 14:15:27,334 autoreload D:\APP PROJECT\sistem_lamaran\backend\core\settings.py changed, reloading.
INFO 2025-07-15 14:15:28,616 autoreload Watching for file changes with StatReloader
INFO 2025-07-15 14:16:42,434 autoreload D:\APP PROJECT\sistem_lamaran\backend\core\settings.py changed, reloading.
INFO 2025-07-15 14:16:43,625 autoreload Watching for file changes with StatReloader
WARNING 2025-07-15 14:16:47,105 log Unauthorized: /api/me/
WARNING 2025-07-15 14:16:47,109 log Unauthorized: /api/me/
WARNING 2025-07-15 14:16:47,113 basehttp "GET /api/me/ HTTP/1.1" 401 58
WARNING 2025-07-15 14:16:47,123 basehttp "GET /api/me/ HTTP/1.1" 401 58
INFO 2025-07-15 14:16:47,169 basehttp "GET /api/public/pengumuman/ HTTP/1.1" 200 240
INFO 2025-07-15 14:16:47,185 basehttp "GET /api/public/dashboard-stats/ HTTP/1.1" 200 316
INFO 2025-07-15 14:16:47,186 basehttp "GET /api/public/pengumuman/ HTTP/1.1" 200 240
INFO 2025-07-15 14:16:47,206 basehttp "GET /api/public/dashboard-stats/ HTTP/1.1" 200 316
INFO 2025-07-15 14:17:07,418 basehttp "POST /api/auth/google/ HTTP/1.1" 200 381
INFO 2025-07-15 14:17:07,480 basehttp "GET /api/me/ HTTP/1.1" 200 465
INFO 2025-07-15 14:17:07,589 basehttp "GET /api/v1/dashboard-stats/ HTTP/1.1" 200 358
INFO 2025-07-15 14:17:07,692 basehttp "GET /api/v1/dashboard-stats/ HTTP/1.1" 200 358
INFO 2025-07-15 14:17:31,090 basehttp "POST /api/auth/logout/ HTTP/1.1" 200 37
INFO 2025-07-15 14:17:31,239 basehttp "GET /api/public/dashboard-stats/ HTTP/1.1" 200 316
INFO 2025-07-15 14:17:31,247 basehttp "GET /api/public/pengumuman/ HTTP/1.1" 200 240
INFO 2025-07-15 14:17:31,247 basehttp "GET /api/public/pengumuman/ HTTP/1.1" 200 240
INFO 2025-07-15 14:17:31,260 basehttp "GET /api/public/dashboard-stats/ HTTP/1.1" 200 316
INFO 2025-07-15 14:17:38,083 basehttp "POST /api/auth/google/ HTTP/1.1" 200 365
INFO 2025-07-15 14:17:38,146 basehttp "GET /api/me/ HTTP/1.1" 200 567
INFO 2025-07-15 14:17:38,291 basehttp "GET /api/public/dashboard-stats/ HTTP/1.1" 200 316
INFO 2025-07-15 14:17:38,314 basehttp "GET /api/pelamar/lamaran/ HTTP/1.1" 200 3382
INFO 2025-07-15 14:17:38,323 basehttp "GET /api/pelamar/lamaran/ HTTP/1.1" 200 3382
INFO 2025-07-15 14:17:38,364 basehttp "GET /api/public/dashboard-stats/ HTTP/1.1" 200 316
INFO 2025-07-15 14:42:27,127 basehttp "GET /api/formasi/ HTTP/1.1" 200 376
INFO 2025-07-15 14:42:27,127 basehttp "GET /api/formasi/ HTTP/1.1" 200 376
INFO 2025-07-15 14:42:30,081 basehttp "POST /api/auth/logout/ HTTP/1.1" 200 37
INFO 2025-07-15 14:42:30,186 basehttp "GET /api/public/pengumuman/ HTTP/1.1" 200 240
INFO 2025-07-15 14:42:30,188 basehttp "GET /api/public/pengumuman/ HTTP/1.1" 200 240
INFO 2025-07-15 14:42:30,200 basehttp "GET /api/public/dashboard-stats/ HTTP/1.1" 200 316
INFO 2025-07-15 14:42:30,282 basehttp "GET /api/public/dashboard-stats/ HTTP/1.1" 200 316
INFO 2025-07-15 14:44:33,386 basehttp "POST /api/auth/google/ HTTP/1.1" 200 381
INFO 2025-07-15 14:44:33,448 basehttp "GET /api/me/ HTTP/1.1" 200 465
INFO 2025-07-15 14:44:33,582 basehttp "GET /api/v1/dashboard-stats/ HTTP/1.1" 200 358
INFO 2025-07-15 14:44:33,585 basehttp "GET /api/v1/dashboard-stats/ HTTP/1.1" 200 358
INFO 2025-07-15 14:44:37,529 basehttp "GET /api/formasi/ HTTP/1.1" 200 376
INFO 2025-07-15 14:44:37,530 basehttp "GET /api/formasi/ HTTP/1.1" 200 376
INFO 2025-07-15 14:44:37,593 basehttp "GET /api/v1/lamaran/? HTTP/1.1" 200 5798
INFO 2025-07-15 14:44:37,593 basehttp "GET /api/v1/lamaran/? HTTP/1.1" 200 5798
INFO 2025-07-15 14:44:38,435 basehttp "GET /api/formasi/ HTTP/1.1" 200 376
INFO 2025-07-15 14:44:38,454 basehttp "GET /api/formasi/ HTTP/1.1" 200 376
INFO 2025-07-15 14:44:38,514 basehttp "GET /api/v1/lamaran/? HTTP/1.1" 200 5798
INFO 2025-07-15 14:44:38,524 basehttp "GET /api/v1/lamaran/? HTTP/1.1" 200 5798
INFO 2025-07-15 14:44:39,482 basehttp "GET /api/formasi/ HTTP/1.1" 200 376
INFO 2025-07-15 14:44:39,494 basehttp "GET /api/v1/pengaturan-cetak/ HTTP/1.1" 200 128
INFO 2025-07-15 14:44:39,499 basehttp "GET /api/formasi/ HTTP/1.1" 200 376
INFO 2025-07-15 14:44:39,503 basehttp "GET /api/v1/pengaturan-cetak/ HTTP/1.1" 200 128
INFO 2025-07-15 14:44:39,981 basehttp "GET /api/formasi/ HTTP/1.1" 200 376
INFO 2025-07-15 14:44:39,998 basehttp "GET /api/formasi/ HTTP/1.1" 200 376
INFO 2025-07-15 14:44:40,103 basehttp "GET /api/v1/lamaran/? HTTP/1.1" 200 5798
INFO 2025-07-15 14:44:40,112 basehttp "GET /api/v1/lamaran/? HTTP/1.1" 200 5798
INFO 2025-07-15 14:44:40,483 basehttp "GET /api/v1/lamaran/? HTTP/1.1" 200 5798
INFO 2025-07-15 14:44:40,531 basehttp "GET /api/formasi/ HTTP/1.1" 200 376
INFO 2025-07-15 14:44:40,555 basehttp "GET /api/formasi/ HTTP/1.1" 200 376
INFO 2025-07-15 14:44:40,595 basehttp "GET /api/v1/lamaran/? HTTP/1.1" 200 5798
INFO 2025-07-15 14:44:42,042 basehttp "GET /api/v1/dashboard-stats/ HTTP/1.1" 200 358
INFO 2025-07-15 14:44:42,044 basehttp "GET /api/v1/dashboard-stats/ HTTP/1.1" 200 358
INFO 2025-07-15 14:44:46,089 basehttp "POST /api/auth/logout/ HTTP/1.1" 200 37
INFO 2025-07-15 14:44:46,197 basehttp "GET /api/public/pengumuman/ HTTP/1.1" 200 240
INFO 2025-07-15 14:44:46,208 basehttp "GET /api/public/dashboard-stats/ HTTP/1.1" 200 316
INFO 2025-07-15 14:44:46,217 basehttp "GET /api/public/pengumuman/ HTTP/1.1" 200 240
INFO 2025-07-15 14:44:46,234 basehttp "GET /api/public/dashboard-stats/ HTTP/1.1" 200 316
WARNING 2025-07-15 14:57:13,116 log Unauthorized: /api/me/
WARNING 2025-07-15 14:57:13,119 basehttp "GET /api/me/ HTTP/1.1" 401 58
WARNING 2025-07-15 14:57:13,128 log Unauthorized: /api/me/
WARNING 2025-07-15 14:57:13,131 basehttp "GET /api/me/ HTTP/1.1" 401 58
INFO 2025-07-15 14:57:13,161 basehttp "GET /api/public/dashboard-stats/ HTTP/1.1" 200 316
INFO 2025-07-15 14:57:13,188 basehttp "GET /api/public/pengumuman/ HTTP/1.1" 200 240
INFO 2025-07-15 14:57:13,206 basehttp "GET /api/public/pengumuman/ HTTP/1.1" 200 240
INFO 2025-07-15 14:57:13,223 basehttp "GET /api/public/dashboard-stats/ HTTP/1.1" 200 316
WARNING 2025-07-15 15:02:12,463 log Unauthorized: /api/me/
WARNING 2025-07-15 15:02:12,492 basehttp "GET /api/me/ HTTP/1.1" 401 58
WARNING 2025-07-15 15:02:12,503 log Unauthorized: /api/me/
WARNING 2025-07-15 15:02:12,508 basehttp "GET /api/me/ HTTP/1.1" 401 58
INFO 2025-07-15 15:02:12,552 basehttp "GET /api/public/pengumuman/ HTTP/1.1" 200 240
INFO 2025-07-15 15:02:12,565 basehttp "GET /api/public/dashboard-stats/ HTTP/1.1" 200 316
INFO 2025-07-15 15:02:12,585 basehttp "GET /api/public/pengumuman/ HTTP/1.1" 200 240
INFO 2025-07-15 15:02:12,588 basehttp "GET /api/public/dashboard-stats/ HTTP/1.1" 200 316
WARNING 2025-07-15 15:02:53,584 log Unauthorized: /api/me/
WARNING 2025-07-15 15:02:53,588 log Unauthorized: /api/me/
WARNING 2025-07-15 15:02:53,589 basehttp "GET /api/me/ HTTP/1.1" 401 58
WARNING 2025-07-15 15:02:53,597 basehttp "GET /api/me/ HTTP/1.1" 401 58
INFO 2025-07-15 15:02:53,694 basehttp "GET /api/public/pengumuman/ HTTP/1.1" 200 240
INFO 2025-07-15 15:02:53,695 basehttp "GET /api/public/pengumuman/ HTTP/1.1" 200 240
INFO 2025-07-15 15:02:53,711 basehttp "GET /api/public/dashboard-stats/ HTTP/1.1" 200 316
INFO 2025-07-15 15:02:53,744 basehttp "GET /api/public/dashboard-stats/ HTTP/1.1" 200 316
WARNING 2025-07-15 15:03:19,388 log Unauthorized: /api/me/
WARNING 2025-07-15 15:03:19,389 basehttp "GET /api/me/ HTTP/1.1" 401 58
WARNING 2025-07-15 15:03:19,399 log Unauthorized: /api/me/
WARNING 2025-07-15 15:03:19,402 basehttp "GET /api/me/ HTTP/1.1" 401 58
INFO 2025-07-15 15:03:19,479 basehttp "GET /api/public/pengumuman/ HTTP/1.1" 200 240
INFO 2025-07-15 15:03:19,489 basehttp "GET /api/public/dashboard-stats/ HTTP/1.1" 200 316
INFO 2025-07-15 15:03:19,496 basehttp "GET /api/public/dashboard-stats/ HTTP/1.1" 200 316
INFO 2025-07-15 15:03:19,498 basehttp "GET /api/public/pengumuman/ HTTP/1.1" 200 240
WARNING 2025-07-15 15:04:20,123 log Unauthorized: /api/me/
WARNING 2025-07-15 15:04:20,125 log Unauthorized: /api/me/
WARNING 2025-07-15 15:04:20,126 basehttp "GET /api/me/ HTTP/1.1" 401 58
WARNING 2025-07-15 15:04:20,128 basehttp "GET /api/me/ HTTP/1.1" 401 58
INFO 2025-07-15 15:04:20,202 basehttp "GET /api/public/pengumuman/ HTTP/1.1" 200 240
INFO 2025-07-15 15:04:20,202 basehttp "GET /api/public/pengumuman/ HTTP/1.1" 200 240
INFO 2025-07-15 15:04:20,220 basehttp "GET /api/public/dashboard-stats/ HTTP/1.1" 200 316
INFO 2025-07-15 15:04:20,222 basehttp "GET /api/public/dashboard-stats/ HTTP/1.1" 200 316
INFO 2025-07-15 15:05:35,962 basehttp "GET /api/public/pengumuman/ HTTP/1.1" 200 240
INFO 2025-07-15 15:05:35,962 basehttp "GET /api/public/dashboard-stats/ HTTP/1.1" 200 316
INFO 2025-07-15 15:05:35,967 basehttp "GET /api/public/pengumuman/ HTTP/1.1" 200 240
INFO 2025-07-15 15:05:35,967 basehttp "GET /api/public/dashboard-stats/ HTTP/1.1" 200 316
WARNING 2025-07-15 15:09:55,711 log Unauthorized: /api/me/
WARNING 2025-07-15 15:09:55,726 basehttp "GET /api/me/ HTTP/1.1" 401 58
WARNING 2025-07-15 15:09:55,754 log Unauthorized: /api/me/
WARNING 2025-07-15 15:09:55,768 basehttp "GET /api/me/ HTTP/1.1" 401 58
INFO 2025-07-15 15:09:55,814 basehttp "GET /api/public/pengumuman/ HTTP/1.1" 200 240
INFO 2025-07-15 15:09:55,834 basehttp "GET /api/public/dashboard-stats/ HTTP/1.1" 200 316
INFO 2025-07-15 15:09:55,834 basehttp "GET /api/public/dashboard-stats/ HTTP/1.1" 200 316
INFO 2025-07-15 15:09:55,839 basehttp "GET /api/public/pengumuman/ HTTP/1.1" 200 240
WARNING 2025-07-15 15:14:38,580 log Unauthorized: /api/me/
WARNING 2025-07-15 15:14:38,590 basehttp "GET /api/me/ HTTP/1.1" 401 58
WARNING 2025-07-15 15:14:38,610 log Unauthorized: /api/me/
WARNING 2025-07-15 15:14:38,614 basehttp "GET /api/me/ HTTP/1.1" 401 58
INFO 2025-07-15 15:14:38,658 basehttp "GET /api/public/dashboard-stats/ HTTP/1.1" 200 316
INFO 2025-07-15 15:14:38,658 basehttp "GET /api/public/pengumuman/ HTTP/1.1" 200 240
INFO 2025-07-15 15:14:38,679 basehttp "GET /api/public/pengumuman/ HTTP/1.1" 200 240
INFO 2025-07-15 15:14:38,694 basehttp "GET /api/public/dashboard-stats/ HTTP/1.1" 200 316
WARNING 2025-07-15 15:15:39,766 log Unauthorized: /api/me/
WARNING 2025-07-15 15:15:39,767 basehttp "GET /api/me/ HTTP/1.1" 401 58
WARNING 2025-07-15 15:15:39,781 log Unauthorized: /api/me/
WARNING 2025-07-15 15:15:39,786 basehttp "GET /api/me/ HTTP/1.1" 401 58
INFO 2025-07-15 15:15:39,863 basehttp "GET /api/public/dashboard-stats/ HTTP/1.1" 200 316
INFO 2025-07-15 15:15:39,863 basehttp "GET /api/public/pengumuman/ HTTP/1.1" 200 240
INFO 2025-07-15 15:15:39,876 basehttp "GET /api/public/pengumuman/ HTTP/1.1" 200 240
INFO 2025-07-15 15:15:39,878 basehttp "GET /api/public/dashboard-stats/ HTTP/1.1" 200 316
INFO 2025-07-15 15:16:15,004 basehttp "GET /api/public/pengumuman/ HTTP/1.1" 200 240
INFO 2025-07-15 15:16:15,018 basehttp "GET /api/public/pengumuman/ HTTP/1.1" 200 240
INFO 2025-07-15 15:16:15,026 basehttp "GET /api/public/dashboard-stats/ HTTP/1.1" 200 316
INFO 2025-07-15 15:16:15,043 basehttp "GET /api/public/dashboard-stats/ HTTP/1.1" 200 316
INFO 2025-07-15 15:17:16,748 basehttp "POST /api/auth/google/ HTTP/1.1" 200 365
INFO 2025-07-15 15:17:16,821 basehttp "GET /api/me/ HTTP/1.1" 200 567
INFO 2025-07-15 15:17:16,953 basehttp "GET /api/public/dashboard-stats/ HTTP/1.1" 200 316
INFO 2025-07-15 15:17:16,955 basehttp "GET /api/public/dashboard-stats/ HTTP/1.1" 200 316
INFO 2025-07-15 15:17:16,986 basehttp "GET /api/pelamar/lamaran/ HTTP/1.1" 200 3382
INFO 2025-07-15 15:17:16,990 basehttp "GET /api/pelamar/lamaran/ HTTP/1.1" 200 3382
INFO 2025-07-15 15:17:25,366 basehttp "GET /api/formasi/ HTTP/1.1" 200 376
INFO 2025-07-15 15:17:25,470 basehttp "GET /api/formasi/ HTTP/1.1" 200 376
INFO 2025-07-15 15:17:28,715 basehttp "GET /api/v1/informasi/ HTTP/1.1" 200 240
INFO 2025-07-15 15:17:28,718 basehttp "GET /api/v1/informasi/ HTTP/1.1" 200 240
INFO 2025-07-15 15:17:36,293 basehttp "GET /api/public/dashboard-stats/ HTTP/1.1" 200 316
INFO 2025-07-15 15:17:36,300 basehttp "GET /api/public/dashboard-stats/ HTTP/1.1" 200 316
INFO 2025-07-15 15:17:36,367 basehttp "GET /api/pelamar/lamaran/ HTTP/1.1" 200 3382
INFO 2025-07-15 15:17:36,379 basehttp "GET /api/pelamar/lamaran/ HTTP/1.1" 200 3382
INFO 2025-07-15 15:17:40,150 basehttp "GET /api/formasi/ HTTP/1.1" 200 376
INFO 2025-07-15 15:17:40,153 basehttp "GET /api/formasi/ HTTP/1.1" 200 376
INFO 2025-07-15 15:17:40,968 basehttp "GET /api/v1/informasi/ HTTP/1.1" 200 240
INFO 2025-07-15 15:17:40,971 basehttp "GET /api/v1/informasi/ HTTP/1.1" 200 240
INFO 2025-07-15 15:17:41,496 basehttp "GET /api/formasi/ HTTP/1.1" 200 376
INFO 2025-07-15 15:17:41,499 basehttp "GET /api/formasi/ HTTP/1.1" 200 376
INFO 2025-07-15 15:17:44,445 basehttp "GET /api/v1/informasi/ HTTP/1.1" 200 240
INFO 2025-07-15 15:17:44,447 basehttp "GET /api/v1/informasi/ HTTP/1.1" 200 240
INFO 2025-07-15 15:17:45,687 basehttp "GET /api/public/dashboard-stats/ HTTP/1.1" 200 316
INFO 2025-07-15 15:17:45,706 basehttp "GET /api/public/dashboard-stats/ HTTP/1.1" 200 316
INFO 2025-07-15 15:17:45,720 basehttp "GET /api/pelamar/lamaran/ HTTP/1.1" 200 3382
INFO 2025-07-15 15:17:45,730 basehttp "GET /api/pelamar/lamaran/ HTTP/1.1" 200 3382
INFO 2025-07-15 15:19:26,097 basehttp "POST /api/auth/logout/ HTTP/1.1" 200 37
INFO 2025-07-15 15:19:26,270 basehttp "GET /api/public/dashboard-stats/ HTTP/1.1" 200 316
INFO 2025-07-15 15:19:26,270 basehttp "GET /api/public/pengumuman/ HTTP/1.1" 200 240
INFO 2025-07-15 15:19:26,280 basehttp "GET /api/public/pengumuman/ HTTP/1.1" 200 240
INFO 2025-07-15 15:19:26,280 basehttp "GET /api/public/dashboard-stats/ HTTP/1.1" 200 316
INFO 2025-07-15 15:20:50,186 basehttp "GET /admin/users/user/ HTTP/1.1" 200 18762
INFO 2025-07-15 15:20:50,266 basehttp - Broken pipe from ('127.0.0.1', 49915)
INFO 2025-07-15 15:20:50,277 basehttp - Broken pipe from ('127.0.0.1', 49917)
INFO 2025-07-15 15:20:50,324 basehttp "GET /admin/jsi18n/ HTTP/1.1" 200 3342
WARNING 2025-07-15 15:20:50,529 log Not Found: /favicon.ico
INFO 2025-07-15 15:20:50,530 basehttp - Broken pipe from ('127.0.0.1', 49913)
INFO 2025-07-15 15:20:52,996 basehttp "POST /api/auth/google/ HTTP/1.1" 200 381
INFO 2025-07-15 15:20:53,053 basehttp "GET /api/me/ HTTP/1.1" 200 465
INFO 2025-07-15 15:20:53,177 basehttp "GET /api/v1/dashboard-stats/ HTTP/1.1" 200 358
INFO 2025-07-15 15:20:53,270 basehttp "GET /api/v1/dashboard-stats/ HTTP/1.1" 200 358
INFO 2025-07-15 15:20:56,885 basehttp "GET /api/formasi/ HTTP/1.1" 200 376
INFO 2025-07-15 15:20:56,901 basehttp "GET /api/formasi/ HTTP/1.1" 200 376
INFO 2025-07-15 15:20:56,986 basehttp "GET /api/v1/lamaran/? HTTP/1.1" 200 5798
INFO 2025-07-15 15:20:56,986 basehttp "GET /api/v1/lamaran/? HTTP/1.1" 200 5798
INFO 2025-07-15 15:20:59,367 basehttp "GET /api/formasi/ HTTP/1.1" 200 376
INFO 2025-07-15 15:20:59,374 basehttp "GET /api/formasi/ HTTP/1.1" 200 376
INFO 2025-07-15 15:21:01,402 basehttp "GET /api/formasi/ HTTP/1.1" 200 376
INFO 2025-07-15 15:21:01,405 basehttp "GET /api/formasi/ HTTP/1.1" 200 376
INFO 2025-07-15 15:21:26,536 basehttp "GET /api/formasi/ HTTP/1.1" 200 376
INFO 2025-07-15 15:21:26,544 basehttp "GET /api/formasi/ HTTP/1.1" 200 376
INFO 2025-07-15 15:22:16,238 basehttp "POST /api/auth/logout/ HTTP/1.1" 200 37
INFO 2025-07-15 15:22:16,361 basehttp "GET /api/public/pengumuman/ HTTP/1.1" 200 240
INFO 2025-07-15 15:22:16,362 basehttp "GET /api/public/dashboard-stats/ HTTP/1.1" 200 316
INFO 2025-07-15 15:22:16,367 basehttp "GET /api/public/pengumuman/ HTTP/1.1" 200 240
INFO 2025-07-15 15:22:16,389 basehttp "GET /api/public/dashboard-stats/ HTTP/1.1" 200 316
WARNING 2025-07-15 15:22:40,843 log Unauthorized: /api/me/
WARNING 2025-07-15 15:22:40,844 basehttp "GET /api/me/ HTTP/1.1" 401 58
WARNING 2025-07-15 15:22:40,877 log Unauthorized: /api/me/
WARNING 2025-07-15 15:22:40,881 basehttp "GET /api/me/ HTTP/1.1" 401 58
INFO 2025-07-15 15:22:40,926 basehttp "GET /api/public/dashboard-stats/ HTTP/1.1" 200 316
INFO 2025-07-15 15:22:40,944 basehttp "GET /api/public/pengumuman/ HTTP/1.1" 200 240
INFO 2025-07-15 15:22:40,968 basehttp "GET /api/public/pengumuman/ HTTP/1.1" 200 240
INFO 2025-07-15 15:22:40,987 basehttp "GET /api/public/dashboard-stats/ HTTP/1.1" 200 316
WARNING 2025-07-15 15:23:32,568 log Unauthorized: /api/me/
WARNING 2025-07-15 15:23:32,576 basehttp "GET /api/me/ HTTP/1.1" 401 58
WARNING 2025-07-15 15:23:32,587 log Unauthorized: /api/me/
WARNING 2025-07-15 15:23:32,590 basehttp "GET /api/me/ HTTP/1.1" 401 58
INFO 2025-07-15 15:23:32,654 basehttp "GET /api/public/pengumuman/ HTTP/1.1" 200 240
INFO 2025-07-15 15:23:32,654 basehttp "GET /api/public/dashboard-stats/ HTTP/1.1" 200 316
INFO 2025-07-15 15:23:32,663 basehttp "GET /api/public/pengumuman/ HTTP/1.1" 200 240
INFO 2025-07-15 15:23:32,695 basehttp "GET /api/public/dashboard-stats/ HTTP/1.1" 200 316
INFO 2025-07-15 15:30:13,177 basehttp "POST /api/auth/google/ HTTP/1.1" 200 365
INFO 2025-07-15 15:30:13,337 basehttp "GET /api/me/ HTTP/1.1" 200 567
INFO 2025-07-15 15:30:13,474 basehttp "GET /api/public/dashboard-stats/ HTTP/1.1" 200 316
INFO 2025-07-15 15:30:13,505 basehttp "GET /api/pelamar/lamaran/ HTTP/1.1" 200 3382
INFO 2025-07-15 15:30:13,506 basehttp "GET /api/pelamar/lamaran/ HTTP/1.1" 200 3382
INFO 2025-07-15 15:30:13,564 basehttp "GET /api/public/dashboard-stats/ HTTP/1.1" 200 316
INFO 2025-07-15 15:30:18,169 basehttp "GET /api/formasi/ HTTP/1.1" 200 376
INFO 2025-07-15 15:30:18,271 basehttp "GET /api/formasi/ HTTP/1.1" 200 376
INFO 2025-07-15 15:30:29,207 basehttp "GET /api/v1/informasi/ HTTP/1.1" 200 240
INFO 2025-07-15 15:30:29,213 basehttp "GET /api/v1/informasi/ HTTP/1.1" 200 240
INFO 2025-07-15 15:30:33,120 basehttp "POST /api/auth/logout/ HTTP/1.1" 200 37
INFO 2025-07-15 15:30:33,215 basehttp "GET /api/public/pengumuman/ HTTP/1.1" 200 240
INFO 2025-07-15 15:30:33,225 basehttp "GET /api/public/dashboard-stats/ HTTP/1.1" 200 316
INFO 2025-07-15 15:30:33,231 basehttp "GET /api/public/pengumuman/ HTTP/1.1" 200 240
INFO 2025-07-15 15:30:33,242 basehttp "GET /api/public/dashboard-stats/ HTTP/1.1" 200 316
INFO 2025-07-15 15:30:38,531 basehttp "GET /admin/users/user/ HTTP/1.1" 200 18762
INFO 2025-07-15 15:30:38,693 basehttp "GET /admin/jsi18n/ HTTP/1.1" 200 3342
WARNING 2025-07-15 15:30:38,905 log Not Found: /favicon.ico
INFO 2025-07-15 15:30:38,906 basehttp - Broken pipe from ('127.0.0.1', 50172)
INFO 2025-07-15 15:30:40,195 basehttp "GET /admin/users/user/5/change/ HTTP/1.1" 200 35585
INFO 2025-07-15 15:30:40,235 basehttp "GET /static/admin/js/calendar.js HTTP/1.1" 304 0
INFO 2025-07-15 15:30:40,240 basehttp "GET /static/admin/js/admin/DateTimeShortcuts.js HTTP/1.1" 304 0
INFO 2025-07-15 15:30:40,278 basehttp "GET /admin/jsi18n/ HTTP/1.1" 200 3342
INFO 2025-07-15 15:30:40,356 basehttp "GET /static/admin/img/icon-calendar.svg HTTP/1.1" 200 1086
INFO 2025-07-15 15:30:40,375 basehttp "GET /static/admin/img/icon-clock.svg HTTP/1.1" 200 677
INFO 2025-07-15 15:30:43,114 basehttp "POST /admin/users/user/5/change/ HTTP/1.1" 302 0
INFO 2025-07-15 15:30:43,379 basehttp "GET /admin/users/user/ HTTP/1.1" 200 18984
INFO 2025-07-15 15:30:43,527 basehttp "GET /admin/jsi18n/ HTTP/1.1" 200 3342
INFO 2025-07-15 15:30:50,383 basehttp "POST /api/auth/google/ HTTP/1.1" 200 381
INFO 2025-07-15 15:30:50,447 basehttp "GET /api/me/ HTTP/1.1" 200 471
INFO 2025-07-15 15:30:50,597 basehttp "GET /api/v1/dashboard-stats/ HTTP/1.1" 200 358
INFO 2025-07-15 15:30:50,602 basehttp "GET /api/v1/dashboard-stats/ HTTP/1.1" 200 358
INFO 2025-07-15 15:30:54,752 basehttp "GET /api/formasi/ HTTP/1.1" 200 376
INFO 2025-07-15 15:30:54,759 basehttp "GET /api/v1/pengaturan-cetak/ HTTP/1.1" 200 128
INFO 2025-07-15 15:30:54,760 basehttp "GET /api/formasi/ HTTP/1.1" 200 376
INFO 2025-07-15 15:30:54,838 basehttp "GET /api/v1/pengaturan-cetak/ HTTP/1.1" 200 128
INFO 2025-07-15 15:30:55,881 basehttp "GET /api/formasi/ HTTP/1.1" 200 376
INFO 2025-07-15 15:30:55,912 basehttp "GET /api/v1/lamaran/?formasi=1&status=lolos_verifikasi HTTP/1.1" 200 2417
INFO 2025-07-15 15:30:55,914 basehttp "GET /api/v1/lamaran/?formasi=1&status=lolos_verifikasi HTTP/1.1" 200 2417
INFO 2025-07-15 15:31:11,449 basehttp "GET /api/v1/dashboard-stats/ HTTP/1.1" 200 358
INFO 2025-07-15 15:31:11,566 basehttp "GET /api/v1/dashboard-stats/ HTTP/1.1" 200 358
INFO 2025-07-15 15:31:17,527 basehttp "POST /api/auth/logout/ HTTP/1.1" 200 37
INFO 2025-07-15 15:31:17,657 basehttp "GET /api/public/pengumuman/ HTTP/1.1" 200 240
INFO 2025-07-15 15:31:17,670 basehttp "GET /api/public/pengumuman/ HTTP/1.1" 200 240
INFO 2025-07-15 15:31:17,677 basehttp "GET /api/public/dashboard-stats/ HTTP/1.1" 200 316
INFO 2025-07-15 15:31:17,693 basehttp "GET /api/public/dashboard-stats/ HTTP/1.1" 200 316
INFO 2025-07-15 15:31:20,623 basehttp "GET /admin/users/user/5/change/ HTTP/1.1" 200 35585
INFO 2025-07-15 15:31:20,719 basehttp "GET /admin/jsi18n/ HTTP/1.1" 200 3342
INFO 2025-07-15 15:31:24,661 basehttp "POST /admin/users/user/5/change/ HTTP/1.1" 302 0
INFO 2025-07-15 15:31:24,832 basehttp "GET /admin/users/user/ HTTP/1.1" 200 18984
INFO 2025-07-15 15:31:24,999 basehttp "GET /admin/jsi18n/ HTTP/1.1" 200 3342
INFO 2025-07-15 15:31:33,426 basehttp "POST /api/auth/google/ HTTP/1.1" 200 381
INFO 2025-07-15 15:31:33,591 basehttp "GET /api/me/ HTTP/1.1" 200 465
INFO 2025-07-15 15:31:33,704 basehttp "GET /api/v1/dashboard-stats/ HTTP/1.1" 200 358
INFO 2025-07-15 15:31:33,710 basehttp "GET /api/v1/dashboard-stats/ HTTP/1.1" 200 358
INFO 2025-07-15 15:31:39,084 basehttp "GET /api/formasi/ HTTP/1.1" 200 376
INFO 2025-07-15 15:31:39,101 basehttp "GET /api/formasi/ HTTP/1.1" 200 376
INFO 2025-07-15 15:31:39,157 basehttp "GET /api/v1/lamaran/? HTTP/1.1" 200 5798
INFO 2025-07-15 15:31:39,227 basehttp "GET /api/v1/lamaran/? HTTP/1.1" 200 5798
INFO 2025-07-15 15:31:39,961 basehttp "GET /api/formasi/ HTTP/1.1" 200 376
INFO 2025-07-15 15:31:39,979 basehttp "GET /api/formasi/ HTTP/1.1" 200 376
INFO 2025-07-15 15:31:40,067 basehttp "GET /api/v1/lamaran/? HTTP/1.1" 200 5798
INFO 2025-07-15 15:31:40,071 basehttp "GET /api/v1/lamaran/? HTTP/1.1" 200 5798
INFO 2025-07-15 15:31:40,465 basehttp "GET /api/formasi/ HTTP/1.1" 200 376
INFO 2025-07-15 15:31:40,559 basehttp "GET /api/formasi/ HTTP/1.1" 200 376
INFO 2025-07-15 15:31:40,570 basehttp "GET /api/v1/lamaran/? HTTP/1.1" 200 5798
INFO 2025-07-15 15:31:40,577 basehttp "GET /api/v1/lamaran/? HTTP/1.1" 200 5798
INFO 2025-07-15 15:31:45,205 basehttp "GET /api/formasi/ HTTP/1.1" 200 376
INFO 2025-07-15 15:31:45,251 basehttp "GET /api/v1/lamaran/?lokasi=dalam_kota HTTP/1.1" 200 3382
INFO 2025-07-15 15:31:46,197 basehttp "GET /api/formasi/ HTTP/1.1" 200 376
INFO 2025-07-15 15:31:46,233 basehttp "GET /api/v1/lamaran/?lokasi=luar_kota HTTP/1.1" 200 2417
INFO 2025-07-15 15:31:46,920 basehttp "GET /api/formasi/ HTTP/1.1" 200 376
INFO 2025-07-15 15:31:46,982 basehttp "GET /api/v1/lamaran/? HTTP/1.1" 200 5798
INFO 2025-07-15 15:31:51,851 basehttp "GET /api/v1/lamaran/?format=xlsx HTTP/1.1" 200 5292
INFO 2025-07-15 15:32:03,293 basehttp "GET /api/formasi/ HTTP/1.1" 200 376
INFO 2025-07-15 15:32:03,319 basehttp "GET /api/formasi/ HTTP/1.1" 200 376
INFO 2025-07-15 15:32:03,389 basehttp "GET /api/v1/lamaran/? HTTP/1.1" 200 5798
INFO 2025-07-15 15:32:03,391 basehttp "GET /api/v1/lamaran/? HTTP/1.1" 200 5798
INFO 2025-07-15 15:32:04,103 basehttp "GET /api/v1/pengaturan-cetak/ HTTP/1.1" 200 128
INFO 2025-07-15 15:32:04,115 basehttp "GET /api/formasi/ HTTP/1.1" 200 376
INFO 2025-07-15 15:32:04,117 basehttp "GET /api/v1/pengaturan-cetak/ HTTP/1.1" 200 128
INFO 2025-07-15 15:32:04,127 basehttp "GET /api/formasi/ HTTP/1.1" 200 376
INFO 2025-07-15 15:32:06,598 basehttp "GET /api/formasi/ HTTP/1.1" 200 376
INFO 2025-07-15 15:32:06,628 basehttp "GET /api/v1/lamaran/?formasi=1&status=lolos_verifikasi HTTP/1.1" 200 2417
INFO 2025-07-15 15:32:06,635 basehttp "GET /api/v1/lamaran/?formasi=1&status=lolos_verifikasi HTTP/1.1" 200 2417
INFO 2025-07-15 15:32:20,022 basehttp "GET /api/v1/dashboard-stats/ HTTP/1.1" 200 358
INFO 2025-07-15 15:32:20,027 basehttp "GET /api/v1/dashboard-stats/ HTTP/1.1" 200 358
INFO 2025-07-15 15:33:17,069 basehttp "GET /api/formasi/ HTTP/1.1" 200 376
INFO 2025-07-15 15:33:17,074 basehttp "GET /api/formasi/ HTTP/1.1" 200 376
INFO 2025-07-15 15:33:17,136 basehttp "GET /api/v1/lamaran/? HTTP/1.1" 200 5798
INFO 2025-07-15 15:33:17,222 basehttp "GET /api/v1/lamaran/? HTTP/1.1" 200 5798
INFO 2025-07-15 15:33:22,650 basehttp "GET /api/formasi/ HTTP/1.1" 200 376
INFO 2025-07-15 15:33:22,655 basehttp "GET /api/formasi/ HTTP/1.1" 200 376
INFO 2025-07-15 15:34:14,257 basehttp "GET /api/formasi/ HTTP/1.1" 200 376
INFO 2025-07-15 15:34:14,257 basehttp "GET /api/formasi/ HTTP/1.1" 200 376
INFO 2025-07-15 15:34:19,015 basehttp "GET /api/formasi/ HTTP/1.1" 200 376
INFO 2025-07-15 15:34:19,038 basehttp "GET /api/formasi/ HTTP/1.1" 200 376
INFO 2025-07-15 15:34:19,087 basehttp "GET /api/v1/lamaran/? HTTP/1.1" 200 5798
INFO 2025-07-15 15:34:19,095 basehttp "GET /api/v1/lamaran/? HTTP/1.1" 200 5798
INFO 2025-07-15 15:34:20,996 basehttp "GET /api/v1/lamaran/12/ HTTP/1.1" 200 2415
INFO 2025-07-15 15:34:20,999 basehttp "GET /api/v1/lamaran/12/ HTTP/1.1" 200 2415
INFO 2025-07-15 15:34:25,556 basehttp "GET /api/v1/dashboard-stats/ HTTP/1.1" 200 358
INFO 2025-07-15 15:34:25,560 basehttp "GET /api/v1/dashboard-stats/ HTTP/1.1" 200 358
INFO 2025-07-15 15:34:29,707 basehttp "GET /api/formasi/ HTTP/1.1" 200 376
INFO 2025-07-15 15:34:29,710 basehttp "GET /api/formasi/ HTTP/1.1" 200 376
INFO 2025-07-15 15:34:29,766 basehttp "GET /api/v1/lamaran/? HTTP/1.1" 200 5798
INFO 2025-07-15 15:34:29,767 basehttp "GET /api/v1/lamaran/? HTTP/1.1" 200 5798
INFO 2025-07-15 15:34:38,796 basehttp "GET /api/v1/lamaran/11/ HTTP/1.1" 200 3380
INFO 2025-07-15 15:34:38,804 basehttp "GET /api/v1/lamaran/11/ HTTP/1.1" 200 3380
INFO 2025-07-15 15:34:54,342 basehttp "GET /api/formasi/ HTTP/1.1" 200 376
INFO 2025-07-15 15:34:54,392 basehttp "GET /api/v1/lamaran/? HTTP/1.1" 200 5798
INFO 2025-07-15 15:34:54,394 basehttp "GET /api/v1/lamaran/? HTTP/1.1" 200 5798
INFO 2025-07-15 15:34:54,419 basehttp "GET /api/formasi/ HTTP/1.1" 200 376
INFO 2025-07-15 15:34:55,358 basehttp "GET /api/v1/pengaturan-cetak/ HTTP/1.1" 200 128
INFO 2025-07-15 15:34:55,371 basehttp "GET /api/v1/pengaturan-cetak/ HTTP/1.1" 200 128
INFO 2025-07-15 15:34:55,371 basehttp "GET /api/formasi/ HTTP/1.1" 200 376
INFO 2025-07-15 15:34:55,387 basehttp "GET /api/formasi/ HTTP/1.1" 200 376
INFO 2025-07-15 15:34:55,797 basehttp "GET /api/formasi/ HTTP/1.1" 200 376
INFO 2025-07-15 15:34:55,807 basehttp "GET /api/formasi/ HTTP/1.1" 200 376
INFO 2025-07-15 15:34:55,890 basehttp "GET /api/v1/lamaran/? HTTP/1.1" 200 5798
INFO 2025-07-15 15:34:55,894 basehttp "GET /api/v1/lamaran/? HTTP/1.1" 200 5798
INFO 2025-07-15 15:34:57,597 basehttp "GET /api/v1/lamaran/12/ HTTP/1.1" 200 2415
INFO 2025-07-15 15:34:57,597 basehttp "GET /api/v1/lamaran/12/ HTTP/1.1" 200 2415
INFO 2025-07-15 15:35:05,959 basehttp "GET /api/v1/pengaturan-cetak/ HTTP/1.1" 200 128
INFO 2025-07-15 15:35:05,960 basehttp "GET /api/formasi/ HTTP/1.1" 200 376
INFO 2025-07-15 15:35:05,971 basehttp "GET /api/v1/pengaturan-cetak/ HTTP/1.1" 200 128
INFO 2025-07-15 15:35:05,975 basehttp "GET /api/formasi/ HTTP/1.1" 200 376
INFO 2025-07-15 15:35:56,584 basehttp "GET /api/v1/dashboard-stats/ HTTP/1.1" 200 358
INFO 2025-07-15 15:35:56,584 basehttp "GET /api/v1/dashboard-stats/ HTTP/1.1" 200 358
INFO 2025-07-15 15:36:03,038 basehttp "GET /api/formasi/ HTTP/1.1" 200 376
INFO 2025-07-15 15:36:03,088 basehttp "GET /api/v1/lamaran/? HTTP/1.1" 200 5798
INFO 2025-07-15 15:36:03,092 basehttp "GET /api/v1/lamaran/? HTTP/1.1" 200 5798
INFO 2025-07-15 15:36:03,106 basehttp "GET /api/formasi/ HTTP/1.1" 200 376
INFO 2025-07-15 15:36:06,329 basehttp "GET /api/formasi/ HTTP/1.1" 200 376
INFO 2025-07-15 15:36:06,334 basehttp "GET /api/formasi/ HTTP/1.1" 200 376
WARNING 2025-07-15 15:56:58,931 log Unauthorized: /api/me/
WARNING 2025-07-15 15:56:58,936 basehttp "GET /api/me/ HTTP/1.1" 401 58
WARNING 2025-07-15 15:56:58,949 log Unauthorized: /api/me/
INFO 2025-07-15 15:56:58,950 basehttp "GET /api/public/pengumuman/ HTTP/1.1" 200 240
WARNING 2025-07-15 15:56:58,960 basehttp "GET /api/me/ HTTP/1.1" 401 58
INFO 2025-07-15 15:56:58,967 basehttp "GET /api/public/pengumuman/ HTTP/1.1" 200 240
INFO 2025-07-15 15:56:58,971 basehttp "GET /api/public/dashboard-stats/ HTTP/1.1" 200 316
INFO 2025-07-15 15:56:58,978 basehttp "GET /api/public/dashboard-stats/ HTTP/1.1" 200 316
INFO 2025-07-15 15:57:04,322 basehttp "POST /api/auth/google/ HTTP/1.1" 200 381
INFO 2025-07-15 15:57:04,381 basehttp "GET /api/me/ HTTP/1.1" 200 465
INFO 2025-07-15 15:57:04,482 basehttp "GET /api/v1/dashboard-stats/ HTTP/1.1" 200 358
INFO 2025-07-15 15:57:04,623 basehttp "GET /api/v1/dashboard-stats/ HTTP/1.1" 200 358
INFO 2025-07-15 15:57:05,675 basehttp "GET /api/formasi/ HTTP/1.1" 200 376
INFO 2025-07-15 15:57:05,682 basehttp "GET /api/formasi/ HTTP/1.1" 200 376
INFO 2025-07-15 15:57:05,772 basehttp "GET /api/v1/lamaran/? HTTP/1.1" 200 5798
INFO 2025-07-15 15:57:05,775 basehttp "GET /api/v1/lamaran/? HTTP/1.1" 200 5798
INFO 2025-07-15 15:57:07,443 basehttp "GET /api/v1/dashboard-stats/ HTTP/1.1" 200 358
INFO 2025-07-15 15:57:07,550 basehttp "GET /api/v1/dashboard-stats/ HTTP/1.1" 200 358
INFO 2025-07-15 15:57:11,560 basehttp "GET /api/formasi/ HTTP/1.1" 200 376
INFO 2025-07-15 15:57:11,586 basehttp "GET /api/formasi/ HTTP/1.1" 200 376
INFO 2025-07-15 15:57:11,650 basehttp "GET /api/v1/lamaran/? HTTP/1.1" 200 5798
INFO 2025-07-15 15:57:11,659 basehttp "GET /api/v1/lamaran/? HTTP/1.1" 200 5798
INFO 2025-07-15 15:57:15,426 basehttp "GET /api/formasi/ HTTP/1.1" 200 376
INFO 2025-07-15 15:57:15,432 basehttp "GET /api/formasi/ HTTP/1.1" 200 376
INFO 2025-07-15 15:57:31,942 autoreload D:\APP PROJECT\sistem_lamaran\backend\lamaran\views.py changed, reloading.
INFO 2025-07-15 15:57:35,693 autoreload Watching for file changes with StatReloader
WARNING 2025-07-15 16:04:15,360 log Unauthorized: /api/me/
WARNING 2025-07-15 16:04:15,360 log Unauthorized: /api/me/
WARNING 2025-07-15 16:04:15,365 basehttp "GET /api/me/ HTTP/1.1" 401 58
WARNING 2025-07-15 16:04:15,365 basehttp "GET /api/me/ HTTP/1.1" 401 58
INFO 2025-07-15 16:04:15,386 basehttp "GET /api/public/dashboard-stats/ HTTP/1.1" 200 316
INFO 2025-07-15 16:04:15,387 basehttp "GET /api/public/pengumuman/ HTTP/1.1" 200 240
INFO 2025-07-15 16:04:15,395 basehttp "GET /api/public/pengumuman/ HTTP/1.1" 200 240
INFO 2025-07-15 16:04:15,401 basehttp "GET /api/public/dashboard-stats/ HTTP/1.1" 200 316
INFO 2025-07-15 16:04:20,987 basehttp "POST /api/auth/google/ HTTP/1.1" 200 365
INFO 2025-07-15 16:04:21,168 basehttp "GET /api/me/ HTTP/1.1" 200 567
INFO 2025-07-15 16:04:21,412 basehttp "GET /api/public/dashboard-stats/ HTTP/1.1" 200 316
INFO 2025-07-15 16:04:21,418 basehttp "GET /api/public/dashboard-stats/ HTTP/1.1" 200 316
INFO 2025-07-15 16:04:21,458 basehttp "GET /api/pelamar/lamaran/ HTTP/1.1" 200 3382
INFO 2025-07-15 16:04:21,460 basehttp "GET /api/pelamar/lamaran/ HTTP/1.1" 200 3382
INFO 2025-07-15 16:04:22,631 basehttp "POST /api/auth/logout/ HTTP/1.1" 200 37
INFO 2025-07-15 16:04:22,727 basehttp "GET /api/public/pengumuman/ HTTP/1.1" 200 240
INFO 2025-07-15 16:04:22,737 basehttp "GET /api/public/pengumuman/ HTTP/1.1" 200 240
INFO 2025-07-15 16:04:22,752 basehttp "GET /api/public/dashboard-stats/ HTTP/1.1" 200 316
INFO 2025-07-15 16:04:22,826 basehttp "GET /api/public/dashboard-stats/ HTTP/1.1" 200 316
INFO 2025-07-15 16:04:28,117 basehttp "POST /api/auth/google/ HTTP/1.1" 200 381
INFO 2025-07-15 16:04:28,183 basehttp "GET /api/me/ HTTP/1.1" 200 465
INFO 2025-07-15 16:04:28,327 basehttp "GET /api/v1/dashboard-stats/ HTTP/1.1" 200 358
INFO 2025-07-15 16:04:28,329 basehttp "GET /api/v1/dashboard-stats/ HTTP/1.1" 200 358
INFO 2025-07-15 16:04:29,705 basehttp "GET /api/formasi/ HTTP/1.1" 200 376
INFO 2025-07-15 16:04:29,736 basehttp "GET /api/formasi/ HTTP/1.1" 200 376
INFO 2025-07-15 16:04:29,777 basehttp "GET /api/v1/lamaran/? HTTP/1.1" 200 5798
INFO 2025-07-15 16:04:29,785 basehttp "GET /api/v1/lamaran/? HTTP/1.1" 200 5798
INFO 2025-07-15 16:04:36,313 basehttp "GET /api/formasi/ HTTP/1.1" 200 376
INFO 2025-07-15 16:04:36,317 basehttp "GET /api/formasi/ HTTP/1.1" 200 376
INFO 2025-07-15 16:04:46,322 basehttp "GET /api/formasi/ HTTP/1.1" 200 376
INFO 2025-07-15 16:04:46,437 basehttp "GET /api/formasi/ HTTP/1.1" 200 376
INFO 2025-07-15 16:06:19,876 basehttp "GET /api/me/ HTTP/1.1" 200 465
INFO 2025-07-15 16:06:19,886 basehttp "GET /api/me/ HTTP/1.1" 200 465
INFO 2025-07-15 16:06:19,996 basehttp "GET /api/public/pengumuman/ HTTP/1.1" 200 240
INFO 2025-07-15 16:06:20,006 basehttp "GET /api/public/dashboard-stats/ HTTP/1.1" 200 316
INFO 2025-07-15 16:06:20,007 basehttp "GET /api/public/pengumuman/ HTTP/1.1" 200 240
INFO 2025-07-15 16:06:20,008 basehttp "GET /api/public/dashboard-stats/ HTTP/1.1" 200 316
INFO 2025-07-15 16:06:20,156 basehttp "GET /api/v1/dashboard-stats/ HTTP/1.1" 200 358
INFO 2025-07-15 16:06:20,169 basehttp "GET /api/v1/dashboard-stats/ HTTP/1.1" 200 358
INFO 2025-07-15 16:06:21,172 basehttp "GET /api/formasi/ HTTP/1.1" 200 376
INFO 2025-07-15 16:06:21,211 basehttp "GET /api/formasi/ HTTP/1.1" 200 376
INFO 2025-07-15 16:06:21,257 basehttp "GET /api/v1/lamaran/? HTTP/1.1" 200 5798
INFO 2025-07-15 16:06:21,267 basehttp "GET /api/v1/lamaran/? HTTP/1.1" 200 5798
INFO 2025-07-15 16:06:21,648 basehttp "GET /api/formasi/ HTTP/1.1" 200 376
INFO 2025-07-15 16:06:21,666 basehttp "GET /api/v1/pengaturan-cetak/ HTTP/1.1" 200 128
INFO 2025-07-15 16:06:21,666 basehttp "GET /api/v1/pengaturan-cetak/ HTTP/1.1" 200 128
INFO 2025-07-15 16:06:21,667 basehttp "GET /api/formasi/ HTTP/1.1" 200 376
INFO 2025-07-15 16:06:22,869 basehttp "GET /api/formasi/ HTTP/1.1" 200 376
INFO 2025-07-15 16:06:22,893 basehttp "GET /api/formasi/ HTTP/1.1" 200 376
INFO 2025-07-15 16:06:22,956 basehttp "GET /api/v1/lamaran/? HTTP/1.1" 200 5798
INFO 2025-07-15 16:06:22,962 basehttp "GET /api/v1/lamaran/? HTTP/1.1" 200 5798
INFO 2025-07-15 16:06:24,506 basehttp "GET /api/formasi/ HTTP/1.1" 200 376
INFO 2025-07-15 16:06:24,508 basehttp "GET /api/formasi/ HTTP/1.1" 200 376
INFO 2025-07-15 16:07:58,793 basehttp "GET /api/formasi/ HTTP/1.1" 200 376
INFO 2025-07-15 16:07:58,798 basehttp "GET /api/formasi/ HTTP/1.1" 200 376
INFO 2025-07-15 16:08:07,736 basehttp "OPTIONS /api/v1/lamaran/12/ HTTP/1.1" 200 0
INFO 2025-07-15 16:08:07,830 basehttp "PATCH /api/v1/lamaran/12/ HTTP/1.1" 200 2404
INFO 2025-07-15 16:08:07,995 basehttp "GET /api/v1/lamaran/? HTTP/1.1" 200 5787
INFO 2025-07-15 16:08:10,067 basehttp "GET /api/formasi/ HTTP/1.1" 200 376
INFO 2025-07-15 16:08:10,075 basehttp "GET /api/formasi/ HTTP/1.1" 200 376
INFO 2025-07-15 16:08:15,543 basehttp "PATCH /api/v1/lamaran/12/ HTTP/1.1" 200 2415
INFO 2025-07-15 16:08:15,705 basehttp "GET /api/v1/lamaran/? HTTP/1.1" 200 5798
WARNING 2025-07-15 16:12:01,408 log Unauthorized: /api/v1/pelamar/import-excel/
WARNING 2025-07-15 16:12:01,408 basehttp "POST /api/v1/pelamar/import-excel/ HTTP/1.1" 401 58
WARNING 2025-07-15 16:13:08,518 log Unauthorized: /api/v1/pelamar/import-excel/
WARNING 2025-07-15 16:13:08,519 basehttp "POST /api/v1/pelamar/import-excel/ HTTP/1.1" 401 58
WARNING 2025-07-15 16:17:35,030 log Unauthorized: /api/v1/pelamar/import-excel/
WARNING 2025-07-15 16:17:35,030 basehttp "POST /api/v1/pelamar/import-excel/ HTTP/1.1" 401 58
WARNING 2025-07-15 16:17:36,156 log Unauthorized: /api/v1/pelamar/import-excel/
WARNING 2025-07-15 16:17:36,157 basehttp "POST /api/v1/pelamar/import-excel/ HTTP/1.1" 401 58
WARNING 2025-07-15 16:17:36,340 log Unauthorized: /api/v1/pelamar/import-excel/
WARNING 2025-07-15 16:17:36,341 basehttp "POST /api/v1/pelamar/import-excel/ HTTP/1.1" 401 58
WARNING 2025-07-15 16:17:50,431 log Unauthorized: /api/me/
WARNING 2025-07-15 16:17:50,432 basehttp "GET /api/me/ HTTP/1.1" 401 58
WARNING 2025-07-15 16:17:50,542 log Unauthorized: /api/me/
WARNING 2025-07-15 16:17:50,543 basehttp "GET /api/me/ HTTP/1.1" 401 58
INFO 2025-07-15 16:17:50,624 basehttp "GET /api/public/dashboard-stats/ HTTP/1.1" 200 316
INFO 2025-07-15 16:17:50,638 basehttp "GET /api/public/dashboard-stats/ HTTP/1.1" 200 316
INFO 2025-07-15 16:17:50,643 basehttp "GET /api/public/pengumuman/ HTTP/1.1" 200 240
INFO 2025-07-15 16:17:50,664 basehttp "GET /api/public/pengumuman/ HTTP/1.1" 200 240
INFO 2025-07-15 16:19:28,489 basehttp "POST /api/auth/google/ HTTP/1.1" 200 381
INFO 2025-07-15 16:19:28,573 basehttp "GET /api/me/ HTTP/1.1" 200 465
INFO 2025-07-15 16:19:28,782 basehttp "GET /api/v1/dashboard-stats/ HTTP/1.1" 200 358
INFO 2025-07-15 16:19:28,794 basehttp "GET /api/v1/dashboard-stats/ HTTP/1.1" 200 358
INFO 2025-07-15 16:19:29,892 basehttp "GET /api/formasi/ HTTP/1.1" 200 376
INFO 2025-07-15 16:19:29,908 basehttp "GET /api/formasi/ HTTP/1.1" 200 376
INFO 2025-07-15 16:19:30,011 basehttp "GET /api/v1/lamaran/? HTTP/1.1" 200 5798
INFO 2025-07-15 16:19:30,012 basehttp "GET /api/v1/lamaran/? HTTP/1.1" 200 5798
INFO 2025-07-15 16:19:31,460 basehttp "GET /api/formasi/ HTTP/1.1" 200 376
INFO 2025-07-15 16:19:31,482 basehttp "GET /api/formasi/ HTTP/1.1" 200 376
INFO 2025-07-15 16:19:31,557 basehttp "GET /api/v1/lamaran/? HTTP/1.1" 200 5798
INFO 2025-07-15 16:19:31,559 basehttp "GET /api/v1/lamaran/? HTTP/1.1" 200 5798
INFO 2025-07-15 16:19:41,233 basehttp "POST /api/v1/pelamar/import-excel/ HTTP/1.1" 207 1818
INFO 2025-07-15 16:19:41,372 basehttp "GET /api/v1/lamaran/? HTTP/1.1" 200 5798
INFO 2025-07-15 16:21:22,368 basehttp "POST /api/v1/pelamar/import-excel/ HTTP/1.1" 207 1600
INFO 2025-07-15 16:21:22,476 basehttp "GET /api/v1/lamaran/? HTTP/1.1" 200 5798
WARNING 2025-07-15 16:26:33,562 log Unauthorized: /api/v1/pelamar/import-excel/
WARNING 2025-07-15 16:26:33,562 basehttp "POST /api/v1/pelamar/import-excel/ HTTP/1.1" 401 58
WARNING 2025-07-15 16:31:11,605 log Unauthorized: /api/v1/dashboard-stats/
WARNING 2025-07-15 16:31:11,606 basehttp "GET /api/v1/dashboard-stats/ HTTP/1.1" 401 58
WARNING 2025-07-15 16:31:11,610 log Unauthorized: /api/v1/dashboard-stats/
WARNING 2025-07-15 16:31:11,611 basehttp "GET /api/v1/dashboard-stats/ HTTP/1.1" 401 58
WARNING 2025-07-15 16:31:15,056 log Unauthorized: /api/me/
WARNING 2025-07-15 16:31:15,069 basehttp "GET /api/me/ HTTP/1.1" 401 58
INFO 2025-07-15 16:31:15,091 basehttp "GET /api/public/dashboard-stats/ HTTP/1.1" 200 316
WARNING 2025-07-15 16:31:15,104 log Unauthorized: /api/me/
WARNING 2025-07-15 16:31:15,108 basehttp "GET /api/me/ HTTP/1.1" 401 58
INFO 2025-07-15 16:31:15,108 basehttp "GET /api/public/pengumuman/ HTTP/1.1" 200 240
INFO 2025-07-15 16:31:15,121 basehttp "GET /api/public/pengumuman/ HTTP/1.1" 200 240
INFO 2025-07-15 16:31:15,125 basehttp "GET /api/public/dashboard-stats/ HTTP/1.1" 200 316
INFO 2025-07-15 16:31:20,195 basehttp "POST /api/auth/google/ HTTP/1.1" 200 381
INFO 2025-07-15 16:31:20,260 basehttp "GET /api/me/ HTTP/1.1" 200 465
INFO 2025-07-15 16:31:20,379 basehttp "GET /api/v1/dashboard-stats/ HTTP/1.1" 200 358
INFO 2025-07-15 16:31:20,383 basehttp "GET /api/v1/dashboard-stats/ HTTP/1.1" 200 358
INFO 2025-07-15 16:31:21,426 basehttp "GET /api/formasi/ HTTP/1.1" 200 376
INFO 2025-07-15 16:31:21,449 basehttp "GET /api/formasi/ HTTP/1.1" 200 376
INFO 2025-07-15 16:31:21,490 basehttp "GET /api/v1/lamaran/? HTTP/1.1" 200 5798
INFO 2025-07-15 16:31:21,498 basehttp "GET /api/v1/lamaran/? HTTP/1.1" 200 5798
INFO 2025-07-15 16:31:21,947 basehttp "GET /api/v1/dashboard-stats/ HTTP/1.1" 200 358
INFO 2025-07-15 16:31:21,952 basehttp "GET /api/v1/dashboard-stats/ HTTP/1.1" 200 358
INFO 2025-07-15 16:32:44,352 basehttp "GET /api/formasi/ HTTP/1.1" 200 376
INFO 2025-07-15 16:32:44,366 basehttp "GET /api/formasi/ HTTP/1.1" 200 376
INFO 2025-07-15 16:32:44,421 basehttp "GET /api/v1/lamaran/? HTTP/1.1" 200 5798
INFO 2025-07-15 16:32:44,489 basehttp "GET /api/v1/lamaran/? HTTP/1.1" 200 5798
INFO 2025-07-15 16:32:44,697 basehttp "GET /api/formasi/ HTTP/1.1" 200 376
INFO 2025-07-15 16:32:44,722 basehttp "GET /api/formasi/ HTTP/1.1" 200 376
INFO 2025-07-15 16:32:44,780 basehttp "GET /api/v1/lamaran/? HTTP/1.1" 200 5798
INFO 2025-07-15 16:32:44,782 basehttp "GET /api/v1/lamaran/? HTTP/1.1" 200 5798
INFO 2025-07-15 16:32:45,059 basehttp "GET /api/formasi/ HTTP/1.1" 200 376
INFO 2025-07-15 16:32:45,067 basehttp "GET /api/v1/pengaturan-cetak/ HTTP/1.1" 200 128
INFO 2025-07-15 16:32:45,079 basehttp "GET /api/v1/pengaturan-cetak/ HTTP/1.1" 200 128
INFO 2025-07-15 16:32:45,085 basehttp "GET /api/formasi/ HTTP/1.1" 200 376
INFO 2025-07-15 16:32:45,517 basehttp "GET /api/formasi/ HTTP/1.1" 200 376
INFO 2025-07-15 16:32:45,533 basehttp "GET /api/formasi/ HTTP/1.1" 200 376
INFO 2025-07-15 16:32:45,580 basehttp "GET /api/v1/lamaran/? HTTP/1.1" 200 5798
INFO 2025-07-15 16:32:45,582 basehttp "GET /api/v1/lamaran/? HTTP/1.1" 200 5798
INFO 2025-07-15 16:32:46,026 basehttp "GET /api/formasi/ HTTP/1.1" 200 376
INFO 2025-07-15 16:32:46,030 basehttp "GET /api/formasi/ HTTP/1.1" 200 376
INFO 2025-07-15 16:32:46,188 basehttp "GET /api/v1/lamaran/? HTTP/1.1" 200 5798
INFO 2025-07-15 16:32:46,190 basehttp "GET /api/v1/lamaran/? HTTP/1.1" 200 5798
INFO 2025-07-15 16:32:46,531 basehttp "GET /api/v1/dashboard-stats/ HTTP/1.1" 200 358
INFO 2025-07-15 16:32:46,535 basehttp "GET /api/v1/dashboard-stats/ HTTP/1.1" 200 358
INFO 2025-07-15 16:32:47,008 basehttp "GET /api/formasi/ HTTP/1.1" 200 376
INFO 2025-07-15 16:32:47,019 basehttp "GET /api/formasi/ HTTP/1.1" 200 376
INFO 2025-07-15 16:32:47,070 basehttp "GET /api/v1/lamaran/? HTTP/1.1" 200 5798
INFO 2025-07-15 16:32:47,087 basehttp "GET /api/v1/lamaran/? HTTP/1.1" 200 5798
INFO 2025-07-15 16:32:47,296 basehttp "GET /api/formasi/ HTTP/1.1" 200 376
INFO 2025-07-15 16:32:47,339 basehttp "GET /api/formasi/ HTTP/1.1" 200 376
INFO 2025-07-15 16:32:47,381 basehttp "GET /api/v1/lamaran/? HTTP/1.1" 200 5798
INFO 2025-07-15 16:32:47,384 basehttp "GET /api/v1/lamaran/? HTTP/1.1" 200 5798
INFO 2025-07-16 08:08:10,895 autoreload Watching for file changes with StatReloader
INFO 2025-07-16 08:21:23,944 basehttp "GET /api/public/pengumuman/ HTTP/1.1" 200 240
INFO 2025-07-16 08:21:23,956 basehttp "GET /api/public/pengumuman/ HTTP/1.1" 200 240
WARNING 2025-07-16 08:21:23,958 log Unauthorized: /api/me/
WARNING 2025-07-16 08:21:23,958 log Unauthorized: /api/me/
WARNING 2025-07-16 08:21:23,967 basehttp "GET /api/me/ HTTP/1.1" 401 58
WARNING 2025-07-16 08:21:23,977 basehttp "GET /api/me/ HTTP/1.1" 401 58
INFO 2025-07-16 08:21:23,978 basehttp "GET /api/public/dashboard-stats/ HTTP/1.1" 200 316
INFO 2025-07-16 08:21:23,979 basehttp "GET /api/public/dashboard-stats/ HTTP/1.1" 200 316
INFO 2025-07-16 08:21:30,996 basehttp "OPTIONS /api/auth/google/ HTTP/1.1" 200 0
INFO 2025-07-16 08:21:31,468 basehttp "POST /api/auth/google/ HTTP/1.1" 200 381
INFO 2025-07-16 08:21:31,551 basehttp "GET /api/me/ HTTP/1.1" 200 465
INFO 2025-07-16 08:21:31,699 basehttp "GET /api/v1/dashboard-stats/ HTTP/1.1" 200 358
INFO 2025-07-16 08:21:31,699 basehttp "GET /api/v1/dashboard-stats/ HTTP/1.1" 200 358
ERROR 2025-07-16 08:23:26,615 log Invalid HTTP_HOST header: 'bbafb0e1955e.ngrok-free.app'. You may need to add 'bbafb0e1955e.ngrok-free.app' to ALLOWED_HOSTS.
Traceback (most recent call last):
  File "D:\APP PROJECT\sistem_lamaran\backend\venv\lib\site-packages\django\core\handlers\exception.py", line 55, in inner
    response = get_response(request)
  File "D:\APP PROJECT\sistem_lamaran\backend\venv\lib\site-packages\django\utils\deprecation.py", line 119, in __call__
    response = self.process_request(request)
  File "D:\APP PROJECT\sistem_lamaran\backend\venv\lib\site-packages\django\middleware\common.py", line 48, in process_request
    host = request.get_host()
  File "D:\APP PROJECT\sistem_lamaran\backend\venv\lib\site-packages\django\http\request.py", line 202, in get_host
    raise DisallowedHost(msg)
django.core.exceptions.DisallowedHost: Invalid HTTP_HOST header: 'bbafb0e1955e.ngrok-free.app'. You may need to add 'bbafb0e1955e.ngrok-free.app' to ALLOWED_HOSTS.
WARNING 2025-07-16 08:23:26,617 basehttp "GET / HTTP/1.1" 400 77195
ERROR 2025-07-16 08:23:26,914 log Invalid HTTP_HOST header: 'bbafb0e1955e.ngrok-free.app'. You may need to add 'bbafb0e1955e.ngrok-free.app' to ALLOWED_HOSTS.
Traceback (most recent call last):
  File "D:\APP PROJECT\sistem_lamaran\backend\venv\lib\site-packages\django\core\handlers\exception.py", line 55, in inner
    response = get_response(request)
  File "D:\APP PROJECT\sistem_lamaran\backend\venv\lib\site-packages\django\utils\deprecation.py", line 119, in __call__
    response = self.process_request(request)
  File "D:\APP PROJECT\sistem_lamaran\backend\venv\lib\site-packages\django\middleware\common.py", line 48, in process_request
    host = request.get_host()
  File "D:\APP PROJECT\sistem_lamaran\backend\venv\lib\site-packages\django\http\request.py", line 202, in get_host
    raise DisallowedHost(msg)
django.core.exceptions.DisallowedHost: Invalid HTTP_HOST header: 'bbafb0e1955e.ngrok-free.app'. You may need to add 'bbafb0e1955e.ngrok-free.app' to ALLOWED_HOSTS.
WARNING 2025-07-16 08:23:26,916 basehttp "GET /favicon.ico HTTP/1.1" 400 77208
INFO 2025-07-16 08:31:44,612 autoreload D:\APP PROJECT\sistem_lamaran\backend\core\settings.py changed, reloading.
INFO 2025-07-16 08:31:47,373 autoreload Watching for file changes with StatReloader
WARNING 2025-07-16 08:36:34,317 log Unauthorized: /api/me/
WARNING 2025-07-16 08:36:34,330 log Unauthorized: /api/me/
WARNING 2025-07-16 08:36:34,332 basehttp "GET /api/me/ HTTP/1.1" 401 58
WARNING 2025-07-16 08:36:34,349 basehttp "GET /api/me/ HTTP/1.1" 401 58
INFO 2025-07-16 08:36:34,417 basehttp "GET /api/public/pengumuman/ HTTP/1.1" 200 240
INFO 2025-07-16 08:36:34,469 basehttp "GET /api/public/dashboard-stats/ HTTP/1.1" 200 316
INFO 2025-07-16 08:36:34,473 basehttp "GET /api/public/dashboard-stats/ HTTP/1.1" 200 316
INFO 2025-07-16 08:36:34,474 basehttp "GET /api/public/pengumuman/ HTTP/1.1" 200 240
INFO 2025-07-16 08:39:56,050 autoreload D:\APP PROJECT\sistem_lamaran\backend\core\settings.py changed, reloading.
INFO 2025-07-16 08:39:57,554 autoreload Watching for file changes with StatReloader
WARNING 2025-07-16 08:40:05,335 log Not Found: /
WARNING 2025-07-16 08:40:05,336 basehttp "GET / HTTP/1.1" 404 3290
WARNING 2025-07-16 08:40:05,610 log Not Found: /favicon.ico
INFO 2025-07-16 08:40:05,612 basehttp - Broken pipe from ('127.0.0.1', 52198)
WARNING 2025-07-16 08:40:09,460 log Not Found: /api/
WARNING 2025-07-16 08:40:09,460 basehttp "GET /api/ HTTP/1.1" 404 8750
WARNING 2025-07-16 08:40:12,708 log Not Found: /api/swagger
WARNING 2025-07-16 08:40:12,709 basehttp "GET /api/swagger HTTP/1.1" 404 8771
INFO 2025-07-16 08:40:27,053 basehttp "GET /api/docs/swagger HTTP/1.1" 301 0
INFO 2025-07-16 08:40:27,198 basehttp "GET /api/docs/swagger/ HTTP/1.1" 200 4652
INFO 2025-07-16 08:40:28,935 basehttp "GET /api/schema/ HTTP/1.1" 200 113432
WARNING 2025-07-16 08:42:21,508 log Not Found: /api/
WARNING 2025-07-16 08:42:21,509 basehttp "GET /api/ HTTP/1.1" 404 8750
INFO 2025-07-16 08:42:32,811 basehttp "GET /api/docs/redoc HTTP/1.1" 301 0
INFO 2025-07-16 08:42:32,960 basehttp "GET /api/docs/redoc/ HTTP/1.1" 200 735
INFO 2025-07-16 08:42:33,592 basehttp "GET /api/schema/ HTTP/1.1" 200 52597
INFO 2025-07-16 09:11:04,540 basehttp "GET /api/docs/swagger/ HTTP/1.1" 200 4652
INFO 2025-07-16 09:11:06,056 basehttp "GET /api/schema/ HTTP/1.1" 200 113432
INFO 2025-07-16 09:11:22,534 basehttp "GET /api/docs/redoc/ HTTP/1.1" 200 735
INFO 2025-07-16 09:11:23,280 basehttp "GET /api/schema/ HTTP/1.1" 200 52597
INFO 2025-07-16 09:12:13,559 basehttp "GET /api/public/pengumuman/ HTTP/1.1" 200 240
INFO 2025-07-16 09:12:13,580 basehttp "GET /api/public/dashboard-stats/ HTTP/1.1" 200 316
INFO 2025-07-16 09:12:13,601 basehttp "GET /api/public/pengumuman/ HTTP/1.1" 200 240
WARNING 2025-07-16 09:12:13,604 log Unauthorized: /api/me/
WARNING 2025-07-16 09:12:13,621 log Unauthorized: /api/me/
WARNING 2025-07-16 09:12:13,631 basehttp "GET /api/me/ HTTP/1.1" 401 58
INFO 2025-07-16 09:12:13,631 basehttp "GET /api/public/dashboard-stats/ HTTP/1.1" 200 316
WARNING 2025-07-16 09:12:13,631 basehttp "GET /api/me/ HTTP/1.1" 401 58
INFO 2025-07-16 09:13:35,515 basehttp "GET /api/public/pengumuman/ HTTP/1.1" 200 240
WARNING 2025-07-16 09:13:35,556 log Unauthorized: /api/me/
WARNING 2025-07-16 09:13:35,563 basehttp "GET /api/me/ HTTP/1.1" 401 58
INFO 2025-07-16 09:13:35,584 basehttp "GET /api/public/pengumuman/ HTTP/1.1" 200 240
INFO 2025-07-16 09:13:35,592 basehttp "GET /api/public/dashboard-stats/ HTTP/1.1" 200 316
WARNING 2025-07-16 09:13:35,610 log Unauthorized: /api/me/
WARNING 2025-07-16 09:13:35,615 basehttp "GET /api/me/ HTTP/1.1" 401 58
INFO 2025-07-16 09:13:35,633 basehttp "GET /api/public/dashboard-stats/ HTTP/1.1" 200 316
INFO 2025-07-16 09:13:53,889 basehttp "OPTIONS /api/auth/google/ HTTP/1.1" 200 0
INFO 2025-07-16 09:13:54,311 basehttp "POST /api/auth/google/ HTTP/1.1" 200 381
INFO 2025-07-16 09:13:54,477 basehttp "GET /api/me/ HTTP/1.1" 200 465
INFO 2025-07-16 09:13:54,826 basehttp "GET /api/v1/dashboard-stats/ HTTP/1.1" 200 358
INFO 2025-07-16 09:13:54,826 basehttp "GET /api/v1/dashboard-stats/ HTTP/1.1" 200 358
INFO 2025-07-16 09:14:06,865 basehttp "GET /admin/ HTTP/1.1" 200 21584
INFO 2025-07-16 09:14:06,995 basehttp "GET /static/admin/css/base.css HTTP/1.1" 200 22120
INFO 2025-07-16 09:14:06,995 basehttp "GET /static/admin/css/dark_mode.css HTTP/1.1" 200 2808
INFO 2025-07-16 09:14:07,003 basehttp "GET /static/admin/css/dashboard.css HTTP/1.1" 200 441
INFO 2025-07-16 09:14:07,004 basehttp "GET /static/admin/css/nav_sidebar.css HTTP/1.1" 200 2810
INFO 2025-07-16 09:14:07,007 basehttp "GET /static/admin/css/responsive.css HTTP/1.1" 200 16565
INFO 2025-07-16 09:14:07,074 basehttp "GET /static/admin/js/theme.js HTTP/1.1" 200 1653
INFO 2025-07-16 09:14:07,076 basehttp "GET /static/admin/js/nav_sidebar.js HTTP/1.1" 200 3063
INFO 2025-07-16 09:14:07,116 basehttp "GET /static/admin/img/icon-addlink.svg HTTP/1.1" 200 331
INFO 2025-07-16 09:14:07,118 basehttp "GET /static/admin/img/icon-changelink.svg HTTP/1.1" 200 380
WARNING 2025-07-16 09:14:07,302 log Not Found: /favicon.ico
INFO 2025-07-16 09:14:07,305 basehttp - Broken pipe from ('127.0.0.1', 51217)
INFO 2025-07-16 09:14:13,752 basehttp "GET /api/formasi/ HTTP/1.1" 200 376
INFO 2025-07-16 09:14:13,776 basehttp "GET /api/formasi/ HTTP/1.1" 200 376
INFO 2025-07-16 09:14:13,901 basehttp "GET /api/v1/lamaran/? HTTP/1.1" 200 5798
INFO 2025-07-16 09:14:13,901 basehttp "GET /api/v1/lamaran/? HTTP/1.1" 200 5798
INFO 2025-07-16 09:14:14,786 basehttp "GET /api/formasi/ HTTP/1.1" 200 376
INFO 2025-07-16 09:14:14,860 basehttp "GET /api/formasi/ HTTP/1.1" 200 376
INFO 2025-07-16 09:14:14,924 basehttp "GET /api/v1/lamaran/? HTTP/1.1" 200 5798
INFO 2025-07-16 09:14:14,925 basehttp "GET /api/v1/lamaran/? HTTP/1.1" 200 5798
INFO 2025-07-16 09:14:15,627 basehttp "GET /api/formasi/ HTTP/1.1" 200 376
INFO 2025-07-16 09:14:15,662 basehttp "GET /api/v1/pengaturan-cetak/ HTTP/1.1" 200 128
INFO 2025-07-16 09:14:15,668 basehttp "GET /api/v1/pengaturan-cetak/ HTTP/1.1" 200 128
INFO 2025-07-16 09:14:15,680 basehttp "GET /api/formasi/ HTTP/1.1" 200 376
INFO 2025-07-16 09:14:16,605 basehttp "GET /api/formasi/ HTTP/1.1" 200 376
INFO 2025-07-16 09:14:16,606 basehttp "GET /api/formasi/ HTTP/1.1" 200 376
INFO 2025-07-16 09:14:16,701 basehttp "GET /api/v1/lamaran/? HTTP/1.1" 200 5798
INFO 2025-07-16 09:14:16,714 basehttp "GET /api/v1/lamaran/? HTTP/1.1" 200 5798
INFO 2025-07-16 09:14:18,990 basehttp "GET /api/formasi/ HTTP/1.1" 200 376
INFO 2025-07-16 09:14:18,996 basehttp "GET /api/formasi/ HTTP/1.1" 200 376
INFO 2025-07-16 09:14:19,083 basehttp "GET /api/v1/lamaran/? HTTP/1.1" 200 5798
INFO 2025-07-16 09:14:19,086 basehttp "GET /api/v1/lamaran/? HTTP/1.1" 200 5798
INFO 2025-07-16 09:14:47,176 basehttp "GET /api/public/pengumuman/ HTTP/1.1" 200 240
INFO 2025-07-16 09:14:47,186 basehttp "GET /api/public/pengumuman/ HTTP/1.1" 200 240
INFO 2025-07-16 09:14:47,187 basehttp "GET /api/public/dashboard-stats/ HTTP/1.1" 200 316
INFO 2025-07-16 09:14:47,187 basehttp "GET /api/me/ HTTP/1.1" 200 465
INFO 2025-07-16 09:14:47,206 basehttp "GET /api/me/ HTTP/1.1" 200 465
INFO 2025-07-16 09:14:47,209 basehttp "GET /api/public/dashboard-stats/ HTTP/1.1" 200 316
INFO 2025-07-16 09:14:47,370 basehttp "GET /api/v1/dashboard-stats/ HTTP/1.1" 200 358
INFO 2025-07-16 09:14:47,384 basehttp "GET /api/v1/dashboard-stats/ HTTP/1.1" 200 358
INFO 2025-07-16 09:14:49,841 basehttp "POST /api/auth/logout/ HTTP/1.1" 200 37
INFO 2025-07-16 09:14:50,041 basehttp "GET /api/public/dashboard-stats/ HTTP/1.1" 200 316
INFO 2025-07-16 09:14:50,054 basehttp "GET /api/public/pengumuman/ HTTP/1.1" 200 240
INFO 2025-07-16 09:14:50,087 basehttp "GET /api/public/pengumuman/ HTTP/1.1" 200 240
INFO 2025-07-16 09:14:50,095 basehttp "GET /api/public/dashboard-stats/ HTTP/1.1" 200 316
INFO 2025-07-16 09:14:57,714 basehttp "POST /api/auth/google/ HTTP/1.1" 200 365
INFO 2025-07-16 09:14:57,827 basehttp "GET /api/me/ HTTP/1.1" 200 567
INFO 2025-07-16 09:14:58,099 basehttp "GET /api/public/dashboard-stats/ HTTP/1.1" 200 316
INFO 2025-07-16 09:14:58,111 basehttp "GET /api/public/dashboard-stats/ HTTP/1.1" 200 316
INFO 2025-07-16 09:14:58,161 basehttp "GET /api/pelamar/lamaran/ HTTP/1.1" 200 3382
INFO 2025-07-16 09:14:58,165 basehttp "GET /api/pelamar/lamaran/ HTTP/1.1" 200 3382
INFO 2025-07-16 09:15:02,450 basehttp "GET /api/formasi/ HTTP/1.1" 200 376
INFO 2025-07-16 09:15:02,467 basehttp "GET /api/formasi/ HTTP/1.1" 200 376
INFO 2025-07-16 09:15:13,647 basehttp "GET /admin/lamaran/lamaran/ HTTP/1.1" 200 18265
INFO 2025-07-16 09:15:13,727 basehttp "GET /static/admin/css/changelists.css HTTP/1.1" 200 6878
INFO 2025-07-16 09:15:13,754 basehttp "GET /static/admin/js/jquery.init.js HTTP/1.1" 200 347
INFO 2025-07-16 09:15:13,802 basehttp "GET /static/admin/js/filters.js HTTP/1.1" 200 978
INFO 2025-07-16 09:15:13,817 basehttp "GET /static/admin/js/admin/RelatedObjectLookups.js HTTP/1.1" 200 9777
INFO 2025-07-16 09:15:13,837 basehttp "GET /static/admin/js/core.js HTTP/1.1" 200 6208
INFO 2025-07-16 09:15:13,857 basehttp "GET /static/admin/js/actions.js HTTP/1.1" 200 8076
INFO 2025-07-16 09:15:13,880 basehttp "GET /static/admin/js/urlify.js HTTP/1.1" 200 7887
INFO 2025-07-16 09:15:13,892 basehttp "GET /static/admin/js/prepopulate.js HTTP/1.1" 200 1531
INFO 2025-07-16 09:15:13,901 basehttp "GET /admin/jsi18n/ HTTP/1.1" 200 3342
INFO 2025-07-16 09:15:13,922 basehttp "GET /static/admin/js/vendor/jquery/jquery.js HTTP/1.1" 200 285314
INFO 2025-07-16 09:15:14,056 basehttp "GET /static/admin/js/vendor/xregexp/xregexp.js HTTP/1.1" 200 325171
INFO 2025-07-16 09:15:14,152 basehttp "GET /static/admin/img/tooltag-add.svg HTTP/1.1" 200 331
INFO 2025-07-16 09:15:17,128 basehttp "GET /admin/lamaran/lamaran/11/change/ HTTP/1.1" 200 24317
INFO 2025-07-16 09:15:17,205 basehttp "GET /static/admin/css/forms.css HTTP/1.1" 200 8525
INFO 2025-07-16 09:15:17,224 basehttp "GET /static/admin/css/widgets.css HTTP/1.1" 200 11991
INFO 2025-07-16 09:15:17,241 basehttp "GET /static/admin/js/prepopulate_init.js HTTP/1.1" 200 586
INFO 2025-07-16 09:15:17,241 basehttp "GET /static/admin/js/change_form.js HTTP/1.1" 200 606
INFO 2025-07-16 09:15:17,316 basehttp "GET /admin/jsi18n/ HTTP/1.1" 200 3342
INFO 2025-07-16 09:15:17,322 basehttp "GET /static/admin/js/admin/DateTimeShortcuts.js HTTP/1.1" 200 19319
INFO 2025-07-16 09:15:17,323 basehttp "GET /static/admin/js/calendar.js HTTP/1.1" 200 9141
INFO 2025-07-16 09:15:17,344 basehttp "GET /static/admin/img/icon-viewlink.svg HTTP/1.1" 200 581
INFO 2025-07-16 09:15:17,418 basehttp "GET /static/admin/img/icon-clock.svg HTTP/1.1" 200 677
INFO 2025-07-16 09:15:17,418 basehttp "GET /static/admin/img/icon-calendar.svg HTTP/1.1" 200 1086
INFO 2025-07-16 09:15:21,603 basehttp "GET /admin/lamaran/lamaran/ HTTP/1.1" 200 18265
INFO 2025-07-16 09:15:30,697 basehttp "POST /admin/lamaran/lamaran/ HTTP/1.1" 200 17799
INFO 2025-07-16 09:15:30,901 basehttp "GET /static/admin/js/cancel.js HTTP/1.1" 200 884
INFO 2025-07-16 09:15:32,965 basehttp "POST /admin/lamaran/lamaran/ HTTP/1.1" 302 0
INFO 2025-07-16 09:15:33,170 basehttp "GET /admin/lamaran/lamaran/ HTTP/1.1" 200 18052
INFO 2025-07-16 09:15:33,283 basehttp "GET /admin/jsi18n/ HTTP/1.1" 200 3342
INFO 2025-07-16 09:15:33,338 basehttp "GET /static/admin/img/icon-yes.svg HTTP/1.1" 200 436
INFO 2025-07-16 09:16:03,417 basehttp "GET /api/me/ HTTP/1.1" 200 568
INFO 2025-07-16 09:16:03,442 basehttp "GET /api/me/ HTTP/1.1" 200 568
INFO 2025-07-16 09:16:03,481 basehttp "GET /api/public/dashboard-stats/ HTTP/1.1" 200 316
INFO 2025-07-16 09:16:03,481 basehttp "GET /api/public/pengumuman/ HTTP/1.1" 200 240
INFO 2025-07-16 09:16:03,640 basehttp "GET /api/public/pengumuman/ HTTP/1.1" 200 240
INFO 2025-07-16 09:16:03,675 basehttp "GET /api/public/dashboard-stats/ HTTP/1.1" 200 316
INFO 2025-07-16 09:16:03,716 basehttp "GET /api/pelamar/lamaran/ HTTP/1.1" 200 2
INFO 2025-07-16 09:16:03,729 basehttp "GET /api/pelamar/lamaran/ HTTP/1.1" 200 2
INFO 2025-07-16 09:16:03,763 basehttp "GET /api/public/dashboard-stats/ HTTP/1.1" 200 316
INFO 2025-07-16 09:16:03,776 basehttp "GET /api/public/dashboard-stats/ HTTP/1.1" 200 316
INFO 2025-07-16 09:16:07,725 basehttp "GET /api/formasi/ HTTP/1.1" 200 376
INFO 2025-07-16 09:16:07,731 basehttp "GET /api/formasi/ HTTP/1.1" 200 376
INFO 2025-07-16 09:16:10,685 basehttp "GET /api/v1/informasi/ HTTP/1.1" 200 240
INFO 2025-07-16 09:16:10,696 basehttp "GET /api/v1/informasi/ HTTP/1.1" 200 240
INFO 2025-07-16 09:16:14,073 basehttp "GET /api/formasi/ HTTP/1.1" 200 376
INFO 2025-07-16 09:16:14,074 basehttp "GET /api/formasi/ HTTP/1.1" 200 376
INFO 2025-07-16 09:16:32,487 basehttp "POST /api/auth/logout/ HTTP/1.1" 200 37
INFO 2025-07-16 09:16:32,717 basehttp "GET /api/public/pengumuman/ HTTP/1.1" 200 240
INFO 2025-07-16 09:16:32,721 basehttp "GET /api/public/dashboard-stats/ HTTP/1.1" 200 316
INFO 2025-07-16 09:16:32,735 basehttp "GET /api/public/pengumuman/ HTTP/1.1" 200 240
INFO 2025-07-16 09:16:32,753 basehttp "GET /api/public/dashboard-stats/ HTTP/1.1" 200 316
INFO 2025-07-16 09:16:39,421 basehttp "POST /api/auth/google/ HTTP/1.1" 200 381
INFO 2025-07-16 09:16:39,606 basehttp "GET /api/me/ HTTP/1.1" 200 465
INFO 2025-07-16 09:16:39,794 basehttp "GET /api/v1/dashboard-stats/ HTTP/1.1" 200 358
INFO 2025-07-16 09:16:39,807 basehttp "GET /api/v1/dashboard-stats/ HTTP/1.1" 200 358
INFO 2025-07-16 09:16:42,278 basehttp "GET /api/formasi/ HTTP/1.1" 200 376
INFO 2025-07-16 09:16:42,304 basehttp "GET /api/formasi/ HTTP/1.1" 200 376
INFO 2025-07-16 09:16:42,378 basehttp "GET /api/v1/lamaran/? HTTP/1.1" 200 2417
INFO 2025-07-16 09:16:42,378 basehttp "GET /api/v1/lamaran/? HTTP/1.1" 200 2417
INFO 2025-07-16 09:16:43,912 basehttp "GET /api/formasi/ HTTP/1.1" 200 376
INFO 2025-07-16 09:16:43,925 basehttp "GET /api/formasi/ HTTP/1.1" 200 376
INFO 2025-07-16 09:23:20,535 basehttp "GET /api/formasi/ HTTP/1.1" 200 376
WARNING 2025-07-16 09:23:20,553 log Unauthorized: /api/v1/lamaran/
WARNING 2025-07-16 09:23:20,557 basehttp "GET /api/v1/lamaran/? HTTP/1.1" 401 58
INFO 2025-07-16 09:23:20,569 basehttp "GET /api/formasi/ HTTP/1.1" 200 376
WARNING 2025-07-16 09:23:20,579 log Unauthorized: /api/v1/lamaran/
WARNING 2025-07-16 09:23:20,581 basehttp "GET /api/v1/lamaran/? HTTP/1.1" 401 58
INFO 2025-07-16 09:23:23,215 basehttp "GET /api/formasi/ HTTP/1.1" 200 376
WARNING 2025-07-16 09:23:23,228 log Unauthorized: /api/v1/lamaran/
WARNING 2025-07-16 09:23:23,230 basehttp "GET /api/v1/lamaran/?formasi=1 HTTP/1.1" 401 58
WARNING 2025-07-16 09:23:26,801 log Unauthorized: /api/me/
WARNING 2025-07-16 09:23:26,806 basehttp "GET /api/me/ HTTP/1.1" 401 58
WARNING 2025-07-16 09:23:26,835 log Unauthorized: /api/me/
WARNING 2025-07-16 09:23:26,838 basehttp "GET /api/me/ HTTP/1.1" 401 58
INFO 2025-07-16 09:23:26,864 basehttp "GET /api/public/pengumuman/ HTTP/1.1" 200 240
INFO 2025-07-16 09:23:26,891 basehttp "GET /api/public/dashboard-stats/ HTTP/1.1" 200 316
INFO 2025-07-16 09:23:26,891 basehttp "GET /api/public/pengumuman/ HTTP/1.1" 200 240
INFO 2025-07-16 09:23:26,914 basehttp "GET /api/public/dashboard-stats/ HTTP/1.1" 200 316
INFO 2025-07-16 09:27:10,315 basehttp "POST /api/auth/google/ HTTP/1.1" 200 381
INFO 2025-07-16 09:27:10,586 basehttp "GET /api/me/ HTTP/1.1" 200 465
INFO 2025-07-16 09:27:10,898 basehttp "GET /api/v1/dashboard-stats/ HTTP/1.1" 200 358
INFO 2025-07-16 09:27:10,898 basehttp "GET /api/v1/dashboard-stats/ HTTP/1.1" 200 358
INFO 2025-07-16 09:27:14,231 basehttp "GET /api/formasi/ HTTP/1.1" 200 376
INFO 2025-07-16 09:27:14,236 basehttp "GET /api/formasi/ HTTP/1.1" 200 376
INFO 2025-07-16 09:27:14,339 basehttp "GET /api/v1/lamaran/? HTTP/1.1" 200 2417
INFO 2025-07-16 09:27:14,430 basehttp "GET /api/v1/lamaran/? HTTP/1.1" 200 2417
INFO 2025-07-16 09:27:15,275 basehttp "GET /api/formasi/ HTTP/1.1" 200 376
INFO 2025-07-16 09:27:15,354 basehttp "GET /api/formasi/ HTTP/1.1" 200 376
INFO 2025-07-16 09:27:15,390 basehttp "GET /api/v1/lamaran/? HTTP/1.1" 200 2417
INFO 2025-07-16 09:27:15,394 basehttp "GET /api/v1/lamaran/? HTTP/1.1" 200 2417
INFO 2025-07-16 09:27:32,773 basehttp "GET /api/formasi/ HTTP/1.1" 200 376
INFO 2025-07-16 09:27:32,852 basehttp "GET /api/v1/lamaran/?formasi=1 HTTP/1.1" 200 2417
INFO 2025-07-16 09:27:59,627 basehttp "GET /api/formasi/ HTTP/1.1" 200 376
INFO 2025-07-16 09:27:59,683 basehttp "GET /api/formasi/ HTTP/1.1" 200 376
INFO 2025-07-16 09:27:59,762 basehttp "GET /api/v1/lamaran/? HTTP/1.1" 200 2417
INFO 2025-07-16 09:27:59,766 basehttp "GET /api/v1/lamaran/? HTTP/1.1" 200 2417
